<?xml version="1.0" encoding="UTF-8"?>
<!-- Generated by org.testng.reporters.JUnitReportReporter -->
<testsuite hostname="DESKTOP-44LVSDI" failures="0" tests="1" name="NotMemberYet" time="22.163" errors="0" timestamp="2023-03-27T10:32:36 BDT" skipped="0">
  <testcase classname="NotMemberYet" name="test_notMember" time="22.163"/>
  <system-out/>
</testsuite> <!-- NotMemberYet -->
