<?xml version="1.0" encoding="UTF-8"?>
<!-- Generated by org.testng.reporters.JUnitReportReporter -->
<testsuite hostname="DESKTOP-44LVSDI" failures="0" tests="1" name="Locators" time="15.353" errors="0" timestamp="2023-03-17T11:03:13 BDT" skipped="0">
  <testcase classname="Locators" name="openUrl" time="15.353"/>
  <system-out/>
</testsuite> <!-- Locators -->
